<?xml version="1.0" encoding="UTF-8"?>
<testsuite name="nsu.NoPrimeInArray.additions.TestPrimeCheckThread" tests="1" skipped="0" failures="0" errors="0" timestamp="2024-02-29T16:49:59" hostname="DESKTOP-6BQSQQB" time="0.113">
  <properties/>
  <testcase name="threadTest()" classname="nsu.NoPrimeInArray.additions.TestPrimeCheckThread" time="0.113"/>
  <system-out><![CDATA[]]></system-out>
  <system-err><![CDATA[]]></system-err>
</testsuite>
