<?xml version="1.0" encoding="UTF-8"?>
<testsuite name="org.example.SubStringFinderTest" tests="1" skipped="0" failures="0" errors="0" timestamp="2023-11-30T08:22:29" hostname="fedora" time="0.038">
  <properties/>
  <testcase name="test()" classname="org.example.SubStringFinderTest" time="0.038"/>
  <system-out><![CDATA[]]></system-out>
  <system-err><![CDATA[]]></system-err>
</testsuite>
